0000     131383   0   &RISC_V::LUI    0
0004     67113199   2   &RISC_V::JAL    0
1044     4261478675   18   &RISC_V::ADDI    0
1048     1125923   17   &RISC_V::SW    0
104C     8465443   17   &RISC_V::SW    0
1050     9513507   17   &RISC_V::SW    0
1054     5175   0   &RISC_V::LUI    0
1058     436471699   18   &RISC_V::ADDI    0
105C     499747   17   &RISC_V::SW    0
1060     1050387   18   &RISC_V::ADDI    0
1064     14753827   17   &RISC_V::SW    0
1068     500259   17   &RISC_V::SW    0
106C     2098963   18   &RISC_V::ADDI    0
1070     14754339   17   &RISC_V::SW    0
1074     500771   17   &RISC_V::SW    0
1078     3147539   18   &RISC_V::ADDI    0
107C     14754851   17   &RISC_V::SW    0
1080     501283   17   &RISC_V::SW    0
1084     4196243   18   &RISC_V::ADDI    0
1088     15803939   17   &RISC_V::SW    0
108C     436470803   18   &RISC_V::ADDI    0
1090     17040531   18   &RISC_V::ADDI    0
1094     271619   12   &RISC_V::LW    0
1098     4137677039   2   &RISC_V::JAL    0
1000     5943   0   &RISC_V::LUI    0
1004     453453699   12   &RISC_V::LW    0
1008     16074035   32   &RISC_V::XOR    0
100C     181732627   18   &RISC_V::ADDI    0
1010     447162403   17   &RISC_V::SW    173
1014     32871   3   &RISC_V::JALR    173
109C     4457491   18   &RISC_V::ADDI    173
10A0     4271119075   5   &RISC_V::BNE    173
1094     271619   12   &RISC_V::LW    173
1098     4137677039   2   &RISC_V::JAL    0
1000     5943   0   &RISC_V::LUI    0
1004     453453699   12   &RISC_V::LW    0
1008     16074035   32   &RISC_V::XOR    0
100C     181732627   18   &RISC_V::ADDI    173
1010     447162403   17   &RISC_V::SW    90
1014     32871   3   &RISC_V::JALR    90
109C     4457491   18   &RISC_V::ADDI    90
10A0     4271119075   5   &RISC_V::BNE    90
1094     271619   12   &RISC_V::LW    90
1098     4137677039   2   &RISC_V::JAL    0
1000     5943   0   &RISC_V::LUI    0
1004     453453699   12   &RISC_V::LW    0
1008     16074035   32   &RISC_V::XOR    0
100C     181732627   18   &RISC_V::ADDI    90
1010     447162403   17   &RISC_V::SW    7
1014     32871   3   &RISC_V::JALR    7
109C     4457491   18   &RISC_V::ADDI    7
10A0     4271119075   5   &RISC_V::BNE    7
1094     271619   12   &RISC_V::LW    7
1098     4137677039   2   &RISC_V::JAL    0
1000     5943   0   &RISC_V::LUI    0
1004     453453699   12   &RISC_V::LW    0
1008     16074035   32   &RISC_V::XOR    0
100C     181732627   18   &RISC_V::ADDI    7
1010     447162403   17   &RISC_V::SW    180
1014     32871   3   &RISC_V::JALR    180
109C     4457491   18   &RISC_V::ADDI    180
10A0     4271119075   5   &RISC_V::BNE    180
10A4     1049875   18   &RISC_V::ADDI    180
10A8     4120899823   2   &RISC_V::JAL    1
1000     5943   0   &RISC_V::LUI    1
1004     453453699   12   &RISC_V::LW    1
1008     16074035   32   &RISC_V::XOR    1
100C     181732627   18   &RISC_V::ADDI    181
1010     447162403   17   &RISC_V::SW    98
1014     32871   3   &RISC_V::JALR    98
10AC     2098451   18   &RISC_V::ADDI    98
10B0     4112511215   2   &RISC_V::JAL    2
1000     5943   0   &RISC_V::LUI    2
1004     453453699   12   &RISC_V::LW    2
1008     16074035   32   &RISC_V::XOR    2
100C     181732627   18   &RISC_V::ADDI    96
1010     447162403   17   &RISC_V::SW    13
1014     32871   3   &RISC_V::JALR    13
10B4     3147027   18   &RISC_V::ADDI    13
10B8     4104122607   2   &RISC_V::JAL    3
1000     5943   0   &RISC_V::LUI    3
1004     453453699   12   &RISC_V::LW    3
1008     16074035   32   &RISC_V::XOR    3
100C     181732627   18   &RISC_V::ADDI    14
1010     447162403   17   &RISC_V::SW    187
1014     32871   3   &RISC_V::JALR    187
10BC     4195603   18   &RISC_V::ADDI    187
10C0     4095733999   2   &RISC_V::JAL    4
1000     5943   0   &RISC_V::LUI    4
1004     453453699   12   &RISC_V::LW    4
1008     16074035   32   &RISC_V::XOR    4
100C     181732627   18   &RISC_V::ADDI    191
1010     447162403   17   &RISC_V::SW    108
1014     32871   3   &RISC_V::JALR    108
10C4     265291155   18   &RISC_V::ADDI    108
10C8     6071   0   &RISC_V::LUI    108
10CC     453485827   12   &RISC_V::LW    108
10D0     163578095   2   &RISC_V::JAL    108
116C     33427   18   &RISC_V::ADDI    108
1170     379491   6   &RISC_V::BLT    108
1174     347235   6   &RISC_V::BLT    108
1178     4154454255   2   &RISC_V::JAL    108
10F0     362003   18   &RISC_V::ADDI    108
10F4     329107   18   &RISC_V::ADDI    108
10F8     4293920019   18   &RISC_V::ADDI    108
10FC     33950819   4   &RISC_V::BEQ    255
1100     1050259   18   &RISC_V::ADDI    255
1104     11958883   9   &RISC_V::BGEU    255
1108     12605539   7   &RISC_V::BGE    255
110C     1447443   24   &RISC_V::SLLI    255
1110     1480339   24   &RISC_V::SLLI    255
1114     4273367779   8   &RISC_V::BLTU    255
1108     12605539   7   &RISC_V::BGE    255
110C     1447443   24   &RISC_V::SLLI    255
1110     1480339   24   &RISC_V::SLLI    255
1114     4273367779   8   &RISC_V::BLTU    255
1108     12605539   7   &RISC_V::BGE    255
110C     1447443   24   &RISC_V::SLLI    255
1110     1480339   24   &RISC_V::SLLI    255
1114     4273367779   8   &RISC_V::BLTU    255
1118     1299   18   &RISC_V::ADDI    255
111C     12969571   8   &RISC_V::BLTU    0
1128     1496723   25   &RISC_V::SRLI    0
112C     1463827   25   &RISC_V::SRLI    0
1130     4261844707   5   &RISC_V::BNE    0
111C     12969571   8   &RISC_V::BLTU    0
1120     1086686643   28   &RISC_V::SUB    0
1124     13985075   35   &RISC_V::OR    0
1128     1496723   25   &RISC_V::SRLI    4
112C     1463827   25   &RISC_V::SRLI    4
1130     4261844707   5   &RISC_V::BNE    4
111C     12969571   8   &RISC_V::BLTU    4
1128     1496723   25   &RISC_V::SRLI    4
112C     1463827   25   &RISC_V::SRLI    4
1130     4261844707   5   &RISC_V::BNE    4
111C     12969571   8   &RISC_V::BLTU    4
1120     1086686643   28   &RISC_V::SUB    4
1124     13985075   35   &RISC_V::OR    4
1128     1496723   25   &RISC_V::SRLI    5
112C     1463827   25   &RISC_V::SRLI    5
1130     4261844707   5   &RISC_V::BNE    5
1134     32871   3   &RISC_V::JALR    5
117C     361747   18   &RISC_V::ADDI    5
1180     163943   3   &RISC_V::JALR    123
10D4     29433987   12   &RISC_V::LW    123
10D8     25240579   12   &RISC_V::LW    123
10DC     21046403   12   &RISC_V::LW    123
10E0     33620243   18   &RISC_V::ADDI    123
10E4     32871   3   &RISC_V::JALR    123
123
